<?xml version="1.0" encoding="UTF-8"?>
<!-- Generated by org.testng.reporters.JUnitReportReporter -->
<testsuite hostname="DEEPAK-LAPTOP" failures="0" tests="1" name="popups.JavaScriptPopUp" time="8.614" errors="0" timestamp="2025-07-26T20:33:02 IST" skipped="0">
  <testcase classname="popups.JavaScriptPopUp" name="jsExecuter" time="8.614"/>
</testsuite> <!-- popups.JavaScriptPopUp -->
