<?xml version="1.0" encoding="UTF-8"?>
<!-- Generated by org.testng.reporters.JUnitReportReporter -->
<testsuite hostname="DEEPAK-LAPTOP" failures="0" tests="1" name="table.table" time="2.180" errors="0" timestamp="2025-07-26T13:37:03 IST" skipped="0">
  <testcase classname="table.table" name="tableData" time="2.180"/>
</testsuite> <!-- table.table -->
