<?xml version="1.0" encoding="UTF-8"?>
<!-- Generated by org.testng.reporters.JUnitReportReporter -->
<testsuite hostname="DEEPAK-LAPTOP" failures="0" tests="3" name="Cheackbox_radiobutton.Cheack_Toggle" time="3.759" errors="0" timestamp="2025-07-25T15:16:10 IST" skipped="0">
  <testcase classname="Cheackbox_radiobutton.Cheack_Toggle" name="cheackBox" time="1.710"/>
  <testcase classname="Cheackbox_radiobutton.Cheack_Toggle" name="radio" time="1.926"/>
  <testcase classname="Cheackbox_radiobutton.Cheack_Toggle" name="getImageAttribute" time="0.123"/>
</testsuite> <!-- Cheackbox_radiobutton.Cheack_Toggle -->
