<?xml version="1.0" encoding="UTF-8"?>
<!-- Generated by org.testng.reporters.JUnitReportReporter -->
<testsuite hostname="DEEPAK-LAPTOP" failures="0" tests="2" name="SignIn_Login.LogIn" time="2.052" errors="0" timestamp="2025-07-25T14:23:10 IST" skipped="0">
  <testcase classname="SignIn_Login.LogIn" name="register" time="1.140"/>
  <testcase classname="SignIn_Login.LogIn" name="logIn" time="0.912"/>
</testsuite> <!-- SignIn_Login.LogIn -->
