<?xml version="1.0" encoding="UTF-8"?>
<!-- Generated by org.testng.reporters.JUnitReportReporter -->
<testsuite hostname="DEEPAK-LAPTOP" failures="0" tests="2" name="slideBar_DropDown.slideBarDropdown" time="5.597" errors="0" timestamp="2025-07-26T11:33:42 IST" skipped="0">
  <testcase classname="slideBar_DropDown.slideBarDropdown" name="slideBar" time="2.598"/>
  <testcase classname="slideBar_DropDown.slideBarDropdown" name="handleDropDown" time="2.999"/>
</testsuite> <!-- slideBar_DropDown.slideBarDropdown -->
