<?xml version="1.0" encoding="UTF-8"?>
<!-- Generated by org.testng.reporters.JUnitReportReporter -->
<testsuite hostname="DEEPAK-LAPTOP" failures="0" tests="1" name="form.FormValidation" time="4.700" errors="0" timestamp="2025-07-26T18:40:23 IST" skipped="0">
  <testcase classname="form.FormValidation" name="formValidation" time="4.700"/>
</testsuite> <!-- form.FormValidation -->
