<?xml version="1.0" encoding="UTF-8"?>
<!-- Generated by org.testng.reporters.JUnitReportReporter -->
<testsuite hostname="DEEPAK-LAPTOP" failures="0" tests="1" name="popups.ChildWindowPopUp" time="9.781" errors="0" timestamp="2025-07-26T20:52:34 IST" skipped="0">
  <testcase classname="popups.ChildWindowPopUp" name="childWindowPopup" time="9.781"/>
</testsuite> <!-- popups.ChildWindowPopUp -->
