<?xml version="1.0" encoding="UTF-8"?>
<!-- Generated by org.testng.reporters.JUnitReportReporter -->
<testsuite hostname="DEEPAK-LAPTOP" failures="0" tests="2" name="audio_video.Audio_video" time="7.927" errors="0" timestamp="2025-07-26T19:35:11 IST" skipped="0">
  <testcase classname="audio_video.Audio_video" name="testVideo" time="3.120"/>
  <testcase classname="audio_video.Audio_video" name="testAudio" time="4.807"/>
</testsuite> <!-- audio_video.Audio_video -->
